<?xml version="1.0" encoding="UTF-8"?>
<!-- Generated by org.testng.reporters.JUnitXMLReporter -->
<testsuite hostname="LIN51007546" ignored="2" name="Regression" tests="3" failures="1" timestamp="2021-05-16T10:59:04 IST" time="83.355" errors="0">
  <testcase name="createAnNewAccount1" time="22.423" classname="companyName.ProjectName.ModuleName.testCases.CreateAnNewAccount1"/>
  <testcase name="createAnNewAccount2" time="18.538" classname="companyName.ProjectName.ModuleName.testCases.CreateAnNewAccount2">
    <failure type="java.lang.AssertionError" message="User not able to enter Sangita in First Name field.">
      <![CDATA[java.lang.AssertionError: User not able to enter Sangita in First Name field.
at companyName.ProjectName.ModuleName.utilities.CommonMethods.enterValueIntoTextBox(CommonMethods.java:29)
at companyName.ProjectName.ModuleName.testCases.CreateAnNewAccount2.createAnNewAccount2(CreateAnNewAccount2.java:36)
at java.util.ArrayList.forEach(Unknown Source)
... Removed 28 stack frames]]>
    </failure>
  </testcase> <!-- createAnNewAccount2 -->
  <testcase name="createAnNewAccount3" time="20.953" classname="companyName.ProjectName.ModuleName.testCases.CreateAnNewAccount3"/>
  <testcase name="@BeforeSuite initialization" time="0.0" classname="companyName.ProjectName.ModuleName.testBase.TestBase">
    <ignored/>
  </testcase> <!-- @BeforeSuite initialization -->
  <testcase name="@BeforeSuite initialization" time="0.0" classname="companyName.ProjectName.ModuleName.testBase.TestBase">
    <ignored/>
  </testcase> <!-- @BeforeSuite initialization -->
</testsuite> <!-- Regression -->
