<?xml version="1.0" encoding="UTF-8"?>
<!-- Generated by org.testng.reporters.JUnitXMLReporter -->
<testsuite hostname="LAPTOP-29E7URT6" ignored="2" name="Regression" tests="1" failures="0" timestamp="16 May 2021 12:16:46 GMT" time="0.026" errors="0">
  <testcase name="@BeforeSuite initialization" time="0.02" classname="companyName.ProjectName.ModuleName.testBase.TestBase">
    <failure type="java.lang.NoClassDefFoundError" message="org/apache/xmlbeans/XmlException">
      <![CDATA[java.lang.NoClassDefFoundError: org/apache/xmlbeans/XmlException
at co.in.bymat.seleniumTraining.ExcelReader.<init>(ExcelReader.java:29)
at companyName.ProjectName.ModuleName.testBase.TestBase.initialization(TestBase.java:47)
Caused by: java.lang.ClassNotFoundException: org.apache.xmlbeans.XmlException
at java.net.URLClassLoader$1.run(Unknown Source)
at java.net.URLClassLoader$1.run(Unknown Source)
at java.security.AccessController.doPrivileged(Native Method)
at java.net.URLClassLoader.findClass(Unknown Source)
at java.lang.ClassLoader.loadClass(Unknown Source)
at sun.misc.Launcher$AppClassLoader.loadClass(Unknown Source)
at java.lang.ClassLoader.loadClass(Unknown Source)
... 22 more
Caused by: java.util.zip.ZipException: invalid LOC header (bad signature)
at java.util.zip.ZipFile.read(Native Method)
at java.util.zip.ZipFile.access$1400(Unknown Source)
at java.util.zip.ZipFile$ZipFileInputStream.read(Unknown Source)
at java.util.zip.ZipFile$ZipFileInflaterInputStream.fill(Unknown Source)
at java.util.zip.InflaterInputStream.read(Unknown Source)
at java.util.jar.Manifest$FastInputStream.fill(Unknown Source)
at java.util.jar.Manifest$FastInputStream.readLine(Unknown Source)
at java.util.jar.Manifest$FastInputStream.readLine(Unknown Source)
at java.util.jar.Attributes.read(Unknown Source)
at java.util.jar.Manifest.read(Unknown Source)
at java.util.jar.Manifest.<init>(Unknown Source)
at java.util.jar.Manifest.<init>(Unknown Source)
at java.util.jar.JarFile.getManifestFromReference(Unknown Source)
at java.util.jar.JarFile.getManifest(Unknown Source)
at sun.misc.URLClassPath$JarLoader$2.getManifest(Unknown Source)
at java.net.URLClassLoader.defineClass(Unknown Source)
at java.net.URLClassLoader.access$100(Unknown Source)
... 29 more
... Removed 20 stack frames]]>
    </failure>
  </testcase> <!-- @BeforeSuite initialization -->
  <testcase name="@BeforeClass getClassName" time="0.0" classname="companyName.ProjectName.ModuleName.testCases.CreateAnNewAccount1">
    <skipped/>
  </testcase> <!-- @BeforeClass getClassName -->
  <testcase name="createAnNewAccount1" time="0.0" classname="companyName.ProjectName.ModuleName.testCases.CreateAnNewAccount1">
    <skipped/>
  </testcase> <!-- createAnNewAccount1 -->
  <testcase name="@BeforeSuite initialization" time="0.0" classname="companyName.ProjectName.ModuleName.testBase.TestBase">
    <ignored/>
  </testcase> <!-- @BeforeSuite initialization -->
  <testcase name="@BeforeSuite initialization" time="0.0" classname="companyName.ProjectName.ModuleName.testBase.TestBase">
    <ignored/>
  </testcase> <!-- @BeforeSuite initialization -->
</testsuite> <!-- Regression -->
