<?xml version="1.0" encoding="UTF-8"?>
<!-- Generated by org.testng.reporters.JUnitXMLReporter -->
<testsuite hostname="LAPTOP-29E7URT6" ignored="1" name="Test" tests="2" failures="0" timestamp="30 May 2021 09:23:26 GMT" time="27.088" errors="0">
  <testcase name="@BeforeClass getClassName" time="0.001" classname="companyName.ProjectName.ModuleName.testCases.CreateAnNewAccount3">
    <skipped/>
  </testcase> <!-- @BeforeClass getClassName -->
  <testcase name="createAnNewAccount2" time="20.634" classname="companyName.ProjectName.ModuleName.testCases.CreateAnNewAccount2"/>
  <testcase name="createAnNewAccount3" time="0.0" classname="companyName.ProjectName.ModuleName.testCases.CreateAnNewAccount3">
    <skipped/>
  </testcase> <!-- createAnNewAccount3 -->
  <testcase name="@BeforeSuite initialization" time="0.0" classname="companyName.ProjectName.ModuleName.testBase.TestBase">
    <ignored/>
  </testcase> <!-- @BeforeSuite initialization -->
</testsuite> <!-- Test -->
