<?xml version="1.0" encoding="UTF-8"?>
<!-- Generated by org.testng.reporters.JUnitXMLReporter -->
<testsuite hostname="LAPTOP-29E7URT6" ignored="2" name="Test" tests="3" failures="0" timestamp="05 Jun 2021 04:29:36 GMT" time="51.211" errors="0">
  <testcase name="@BeforeClass getClassName" time="0.001" classname="companyName.ProjectName.ModuleName.testCases.CreateAnNewAccount3">
    <skipped/>
  </testcase> <!-- @BeforeClass getClassName -->
  <testcase name="createAnNewAccount1" time="20.282" classname="companyName.ProjectName.ModuleName.testCases.CreateAnNewAccount1"/>
  <testcase name="createAnNewAccount2" time="18.467" classname="companyName.ProjectName.ModuleName.testCases.CreateAnNewAccount2"/>
  <testcase name="createAnNewAccount3" time="0.0" classname="companyName.ProjectName.ModuleName.testCases.CreateAnNewAccount3">
    <skipped/>
  </testcase> <!-- createAnNewAccount3 -->
  <testcase name="@BeforeSuite initialization" time="0.0" classname="companyName.ProjectName.ModuleName.testBase.TestBase">
    <ignored/>
  </testcase> <!-- @BeforeSuite initialization -->
  <testcase name="@BeforeSuite initialization" time="0.0" classname="companyName.ProjectName.ModuleName.testBase.TestBase">
    <ignored/>
  </testcase> <!-- @BeforeSuite initialization -->
</testsuite> <!-- Test -->
