<?xml version="1.0" encoding="UTF-8"?>
<testsuite name="TestSuite" time="58.872" tests="3" errors="0" skipped="0" failures="1">
  <properties>
[...]
</properties>
  <testcase name="createAnNewAccount1" classname="companyName.ProjectName.ModuleName.testCases.CreateAnNewAccount1" time="22.283"/>
  <testcase name="createAnNewAccount2" classname="companyName.ProjectName.ModuleName.testCases.CreateAnNewAccount2" time="15.768">
    <failure message="User not able to enter Sangita in First Name field." type="java.lang.AssertionError">java.lang.AssertionError: User not able to enter Sangita in First Name field.
	at org.testng.Assert.fail(Assert.java:94)
	at companyName.ProjectName.ModuleName.utilities.CommonMethods.enterValueIntoTextBox(CommonMethods.java:29)
	at companyName.ProjectName.ModuleName.testCases.CreateAnNewAccount2.createAnNewAccount2(CreateAnNewAccount2.java:36)
</failure>
    <system-out><![CDATA[Test case name is :-CreateAnNewAccount2
CreateAnNewAccount2 test case starts from row number :- 5
Total number of columns are:- 13
Total number of iterations/rows are :- 1
***************************************************

----{User_Name=Selenium Trainer, Application_Name=My Store, Iteration=1.0, Last_Name=xyz, Address=Pune, Password=PWD12, City=Pune, Gender=Male, First_Name=Sangita, Email_Address=test1232131@test.com, State=MH, Value2=ALREADY REGISTERED?, Value1=CREATE AN ACCOUNT}
Application URL has been launched
]]></system-out>
    <system-err><![CDATA[Starting ChromeDriver 72.0.3626.69 (3c16f8a135abc0d4da2dff33804db79b849a7c38) on port 8605
Only local connections are allowed.
Please protect ports used by ChromeDriver and related test frameworks to prevent access by malicious code.
]]></system-err>
  </testcase>
  <testcase name="createAnNewAccount3" classname="companyName.ProjectName.ModuleName.testCases.CreateAnNewAccount3" time="20.821"/>
</testsuite>