<?xml version="1.0" encoding="UTF-8"?>
<testng-results skipped="1" failed="0" ignored="2" total="5" passed="2">
  <reporter-output>
  </reporter-output>
  <suite name="Regression Testing" duration-ms="46606" started-at="2021-06-05T03:51:51Z" finished-at="2021-06-05T03:52:37Z">
    <groups>
    </groups>
    <test name="Test" duration-ms="46606" started-at="2021-06-05T03:51:51Z" finished-at="2021-06-05T03:52:37Z">
      <class name="companyName.ProjectName.ModuleName.testCases.CreateAnNewAccount1">
        <test-method status="PASS" signature="initialization()[pri:0, instance:companyName.ProjectName.ModuleName.testCases.CreateAnNewAccount1@2acf57e3]" name="initialization" is-config="true" duration-ms="590" started-at="2021-06-05T03:51:50Z" finished-at="2021-06-05T03:51:51Z">
          <reporter-output>
          </reporter-output>
        </test-method> <!-- initialization -->
        <test-method status="SKIP" signature="getClassName()[pri:0, instance:companyName.ProjectName.ModuleName.testCases.CreateAnNewAccount1@2acf57e3]" name="getClassName" is-config="true" duration-ms="0" started-at="2021-06-05T03:51:51Z" finished-at="2021-06-05T03:51:51Z">
          <exception class="org.testng.SkipException">
            <message>
              <![CDATA[Skipping Test case as it's Run Mode is set to N]]>
            </message>
            <full-stacktrace>
              <![CDATA[org.testng.SkipException: Skipping Test case as it's Run Mode is set to N
at companyName.ProjectName.ModuleName.testCases.CreateAnNewAccount1.getClassName(CreateAnNewAccount1.java:20)
at sun.reflect.NativeMethodAccessorImpl.invoke0(Native Method)
at sun.reflect.NativeMethodAccessorImpl.invoke(Unknown Source)
at sun.reflect.DelegatingMethodAccessorImpl.invoke(Unknown Source)
at java.lang.reflect.Method.invoke(Unknown Source)
at org.testng.internal.MethodInvocationHelper.invokeMethod(MethodInvocationHelper.java:124)
at org.testng.internal.MethodInvocationHelper.invokeMethodConsideringTimeout(MethodInvocationHelper.java:59)
at org.testng.internal.Invoker.invokeConfigurationMethod(Invoker.java:458)
at org.testng.internal.Invoker.invokeConfigurations(Invoker.java:222)
at org.testng.internal.Invoker.invokeConfigurations(Invoker.java:142)
at org.testng.internal.TestMethodWorker.invokeBeforeClassMethods(TestMethodWorker.java:168)
at org.testng.internal.TestMethodWorker.run(TestMethodWorker.java:105)
at org.testng.TestRunner.privateRun(TestRunner.java:648)
at org.testng.TestRunner.run(TestRunner.java:505)
at org.testng.SuiteRunner.runTest(SuiteRunner.java:455)
at org.testng.SuiteRunner.runSequentially(SuiteRunner.java:450)
at org.testng.SuiteRunner.privateRun(SuiteRunner.java:415)
at org.testng.SuiteRunner.run(SuiteRunner.java:364)
at org.testng.SuiteRunnerWorker.runSuite(SuiteRunnerWorker.java:52)
at org.testng.SuiteRunnerWorker.run(SuiteRunnerWorker.java:84)
at org.testng.TestNG.runSuitesSequentially(TestNG.java:1208)
at org.testng.TestNG.runSuitesLocally(TestNG.java:1137)
at org.testng.TestNG.runSuites(TestNG.java:1049)
at org.testng.TestNG.run(TestNG.java:1017)
at org.apache.maven.surefire.testng.TestNGExecutor.run(TestNGExecutor.java:295)
at org.apache.maven.surefire.testng.TestNGXmlTestSuite.execute(TestNGXmlTestSuite.java:84)
at org.apache.maven.surefire.testng.TestNGProvider.invoke(TestNGProvider.java:90)
at org.apache.maven.surefire.booter.ForkedBooter.invokeProviderInSameClassLoader(ForkedBooter.java:203)
at org.apache.maven.surefire.booter.ForkedBooter.runSuitesInProcess(ForkedBooter.java:155)
at org.apache.maven.surefire.booter.ForkedBooter.main(ForkedBooter.java:103)
]]>
            </full-stacktrace>
          </exception> <!-- org.testng.SkipException -->
          <reporter-output>
          </reporter-output>
        </test-method> <!-- getClassName -->
        <test-method status="SKIP" signature="createAnNewAccount1(java.util.Hashtable)[pri:0, instance:companyName.ProjectName.ModuleName.testCases.CreateAnNewAccount1@2acf57e3]" name="createAnNewAccount1" duration-ms="0" started-at="2021-06-05T03:51:51Z" data-provider="data_Collection" finished-at="2021-06-05T03:51:51Z">
          <exception class="org.testng.SkipException">
            <message>
              <![CDATA[Skipping Test case as it's Run Mode is set to N]]>
            </message>
            <full-stacktrace>
              <![CDATA[org.testng.SkipException: Skipping Test case as it's Run Mode is set to N
at companyName.ProjectName.ModuleName.testCases.CreateAnNewAccount1.getClassName(CreateAnNewAccount1.java:20)
at sun.reflect.NativeMethodAccessorImpl.invoke0(Native Method)
at sun.reflect.NativeMethodAccessorImpl.invoke(Unknown Source)
at sun.reflect.DelegatingMethodAccessorImpl.invoke(Unknown Source)
at java.lang.reflect.Method.invoke(Unknown Source)
at org.testng.internal.MethodInvocationHelper.invokeMethod(MethodInvocationHelper.java:124)
at org.testng.internal.MethodInvocationHelper.invokeMethodConsideringTimeout(MethodInvocationHelper.java:59)
at org.testng.internal.Invoker.invokeConfigurationMethod(Invoker.java:458)
at org.testng.internal.Invoker.invokeConfigurations(Invoker.java:222)
at org.testng.internal.Invoker.invokeConfigurations(Invoker.java:142)
at org.testng.internal.TestMethodWorker.invokeBeforeClassMethods(TestMethodWorker.java:168)
at org.testng.internal.TestMethodWorker.run(TestMethodWorker.java:105)
at org.testng.TestRunner.privateRun(TestRunner.java:648)
at org.testng.TestRunner.run(TestRunner.java:505)
at org.testng.SuiteRunner.runTest(SuiteRunner.java:455)
at org.testng.SuiteRunner.runSequentially(SuiteRunner.java:450)
at org.testng.SuiteRunner.privateRun(SuiteRunner.java:415)
at org.testng.SuiteRunner.run(SuiteRunner.java:364)
at org.testng.SuiteRunnerWorker.runSuite(SuiteRunnerWorker.java:52)
at org.testng.SuiteRunnerWorker.run(SuiteRunnerWorker.java:84)
at org.testng.TestNG.runSuitesSequentially(TestNG.java:1208)
at org.testng.TestNG.runSuitesLocally(TestNG.java:1137)
at org.testng.TestNG.runSuites(TestNG.java:1049)
at org.testng.TestNG.run(TestNG.java:1017)
at org.apache.maven.surefire.testng.TestNGExecutor.run(TestNGExecutor.java:295)
at org.apache.maven.surefire.testng.TestNGXmlTestSuite.execute(TestNGXmlTestSuite.java:84)
at org.apache.maven.surefire.testng.TestNGProvider.invoke(TestNGProvider.java:90)
at org.apache.maven.surefire.booter.ForkedBooter.invokeProviderInSameClassLoader(ForkedBooter.java:203)
at org.apache.maven.surefire.booter.ForkedBooter.runSuitesInProcess(ForkedBooter.java:155)
at org.apache.maven.surefire.booter.ForkedBooter.main(ForkedBooter.java:103)
]]>
            </full-stacktrace>
          </exception> <!-- org.testng.SkipException -->
          <reporter-output>
          </reporter-output>
        </test-method> <!-- createAnNewAccount1 -->
      </class> <!-- companyName.ProjectName.ModuleName.testCases.CreateAnNewAccount1 -->
      <class name="companyName.ProjectName.ModuleName.testCases.CreateAnNewAccount2">
        <test-method status="PASS" signature="createAnNewAccount2(java.util.Hashtable)[pri:0, instance:companyName.ProjectName.ModuleName.testCases.CreateAnNewAccount2@506e6d5e]" name="createAnNewAccount2" duration-ms="18056" started-at="2021-06-05T03:51:51Z" data-provider="data_Collection" finished-at="2021-06-05T03:52:09Z">
          <params>
            <param index="0">
              <value>
                <![CDATA[{User_Name=Selenium Trainer, Application_Name=My Store, Iteration=1.0, Last_Name=xyz, Address=Pune, Password=PWD12, City=Pune, Gender=Male, First_Name=Sangita, Email_Address=test1232131@test.com, State=MH, Value2=ALREADY REGISTERED?, Value1=CREATE AN ACCOUNT}]]>
              </value>
            </param>
          </params>
          <reporter-output>
          </reporter-output>
        </test-method> <!-- createAnNewAccount2 -->
        <test-method status="PASS" signature="getClassName()[pri:0, instance:companyName.ProjectName.ModuleName.testCases.CreateAnNewAccount2@506e6d5e]" name="getClassName" is-config="true" duration-ms="0" started-at="2021-06-05T03:51:51Z" finished-at="2021-06-05T03:51:51Z">
          <reporter-output>
          </reporter-output>
        </test-method> <!-- getClassName -->
      </class> <!-- companyName.ProjectName.ModuleName.testCases.CreateAnNewAccount2 -->
      <class name="companyName.ProjectName.ModuleName.testCases.CreateAnNewAccount3">
        <test-method status="PASS" signature="getClassName()[pri:0, instance:companyName.ProjectName.ModuleName.testCases.CreateAnNewAccount3@96532d6]" name="getClassName" is-config="true" duration-ms="0" started-at="2021-06-05T03:52:15Z" finished-at="2021-06-05T03:52:15Z">
          <reporter-output>
          </reporter-output>
        </test-method> <!-- getClassName -->
        <test-method status="PASS" signature="createAnNewAccount3(java.util.Hashtable)[pri:0, instance:companyName.ProjectName.ModuleName.testCases.CreateAnNewAccount3@96532d6]" name="createAnNewAccount3" duration-ms="16678" started-at="2021-06-05T03:52:15Z" data-provider="data_Collection" finished-at="2021-06-05T03:52:32Z">
          <params>
            <param index="0">
              <value>
                <![CDATA[{User_Name=Selenium Trainer, Application_Name=My Store, Iteration=1.0, Last_Name=pqr, Address=Pune, Password=PWD12, City=Pune, Gender=Male, First_Name=Sachin, Email_Address=test1232131@test.com, State=MH, Value2=ALREADY REGISTERED?, Value1=CREATE AN ACCOUNT}]]>
              </value>
            </param>
          </params>
          <reporter-output>
          </reporter-output>
        </test-method> <!-- createAnNewAccount3 -->
      </class> <!-- companyName.ProjectName.ModuleName.testCases.CreateAnNewAccount3 -->
    </test> <!-- Test -->
  </suite> <!-- Regression Testing -->
</testng-results>
