<?xml version="1.0" encoding="UTF-8"?>
<testng-results skipped="0" failed="1" ignored="2" total="5" passed="2">
  <reporter-output>
  </reporter-output>
  <suite name="Regression Testing" duration-ms="68091" started-at="2021-05-22T17:44:16Z" finished-at="2021-05-22T17:45:24Z">
    <groups>
    </groups>
    <test name="Test" duration-ms="68091" started-at="2021-05-22T17:44:16Z" finished-at="2021-05-22T17:45:24Z">
      <class name="companyName.ProjectName.ModuleName.testCases.CreateAnNewAccount1">
        <test-method status="PASS" signature="initialization()[pri:0, instance:companyName.ProjectName.ModuleName.testCases.CreateAnNewAccount1@2d6e8792]" name="initialization" is-config="true" duration-ms="628" started-at="2021-05-22T17:44:16Z" finished-at="2021-05-22T17:44:16Z">
          <reporter-output>
          </reporter-output>
        </test-method> <!-- initialization -->
        <test-method status="PASS" signature="getClassName()[pri:0, instance:companyName.ProjectName.ModuleName.testCases.CreateAnNewAccount1@2d6e8792]" name="getClassName" is-config="true" duration-ms="1" started-at="2021-05-22T17:44:16Z" finished-at="2021-05-22T17:44:16Z">
          <reporter-output>
          </reporter-output>
        </test-method> <!-- getClassName -->
        <test-method status="PASS" signature="createAnNewAccount1(java.util.Hashtable)[pri:0, instance:companyName.ProjectName.ModuleName.testCases.CreateAnNewAccount1@2d6e8792]" name="createAnNewAccount1" duration-ms="18308" started-at="2021-05-22T17:44:16Z" data-provider="data_Collection" finished-at="2021-05-22T17:44:35Z">
          <params>
            <param index="0">
              <value>
                <![CDATA[{User_Name=Selenium Trainer, Application_Name=My Store, Iteration=1.0, Last_Name=Trainer, Address=Pune, Password=PWD12, City=Pune, Gender=Male, First_Name=Selenium, Email_Address=test1232131@test.com, State=MH, Value2=ALREADY REGISTERED?, Value1=CREATE AN ACCOUNT}]]>
              </value>
            </param>
          </params>
          <reporter-output>
          </reporter-output>
        </test-method> <!-- createAnNewAccount1 -->
      </class> <!-- companyName.ProjectName.ModuleName.testCases.CreateAnNewAccount1 -->
      <class name="companyName.ProjectName.ModuleName.testCases.CreateAnNewAccount2">
        <test-method status="PASS" signature="getClassName()[pri:0, instance:companyName.ProjectName.ModuleName.testCases.CreateAnNewAccount2@2812cbfa]" name="getClassName" is-config="true" duration-ms="1" started-at="2021-05-22T17:44:41Z" finished-at="2021-05-22T17:44:41Z">
          <reporter-output>
          </reporter-output>
        </test-method> <!-- getClassName -->
        <test-method status="FAIL" signature="createAnNewAccount2(java.util.Hashtable)[pri:0, instance:companyName.ProjectName.ModuleName.testCases.CreateAnNewAccount2@2812cbfa]" name="createAnNewAccount2" duration-ms="14862" started-at="2021-05-22T17:44:41Z" data-provider="data_Collection" finished-at="2021-05-22T17:44:55Z">
          <params>
            <param index="0">
              <value>
                <![CDATA[{User_Name=Selenium Trainer, Application_Name=My Store, Iteration=1.0, Last_Name=xyz, Address=Pune, Password=PWD12, City=Pune, Gender=Male, First_Name=Sangita, Email_Address=test1232131@test.com, State=MH, Value2=ALREADY REGISTERED?, Value1=CREATE AN ACCOUNT}]]>
              </value>
            </param>
          </params>
          <exception class="java.lang.AssertionError">
            <message>
              <![CDATA[User not able to enter Sangita in First Name field.]]>
            </message>
            <full-stacktrace>
              <![CDATA[java.lang.AssertionError: User not able to enter Sangita in First Name field.
at org.testng.Assert.fail(Assert.java:96)
at companyName.ProjectName.ModuleName.utilities.CommonMethods.enterValueIntoTextBox(CommonMethods.java:29)
at companyName.ProjectName.ModuleName.testCases.CreateAnNewAccount2.createAnNewAccount2(CreateAnNewAccount2.java:36)
at sun.reflect.NativeMethodAccessorImpl.invoke0(Native Method)
at sun.reflect.NativeMethodAccessorImpl.invoke(NativeMethodAccessorImpl.java:62)
at sun.reflect.DelegatingMethodAccessorImpl.invoke(DelegatingMethodAccessorImpl.java:43)
at java.lang.reflect.Method.invoke(Method.java:498)
at org.testng.internal.MethodInvocationHelper.invokeMethod(MethodInvocationHelper.java:124)
at org.testng.internal.Invoker.invokeMethod(Invoker.java:583)
at org.testng.internal.Invoker.invokeTestMethod(Invoker.java:719)
at org.testng.internal.Invoker.invokeTestMethods(Invoker.java:989)
at org.testng.internal.TestMethodWorker.invokeTestMethods(TestMethodWorker.java:125)
at org.testng.internal.TestMethodWorker.run(TestMethodWorker.java:109)
at org.testng.TestRunner.privateRun(TestRunner.java:648)
at org.testng.TestRunner.run(TestRunner.java:505)
at org.testng.SuiteRunner.runTest(SuiteRunner.java:455)
at org.testng.SuiteRunner.runSequentially(SuiteRunner.java:450)
at org.testng.SuiteRunner.privateRun(SuiteRunner.java:415)
at org.testng.SuiteRunner.run(SuiteRunner.java:364)
at org.testng.SuiteRunnerWorker.runSuite(SuiteRunnerWorker.java:52)
at org.testng.SuiteRunnerWorker.run(SuiteRunnerWorker.java:84)
at org.testng.TestNG.runSuitesSequentially(TestNG.java:1208)
at org.testng.TestNG.runSuitesLocally(TestNG.java:1137)
at org.testng.TestNG.runSuites(TestNG.java:1049)
at org.testng.TestNG.run(TestNG.java:1017)
at org.apache.maven.surefire.testng.TestNGExecutor.run(TestNGExecutor.java:295)
at org.apache.maven.surefire.testng.TestNGXmlTestSuite.execute(TestNGXmlTestSuite.java:84)
at org.apache.maven.surefire.testng.TestNGProvider.invoke(TestNGProvider.java:90)
at org.apache.maven.surefire.booter.ForkedBooter.invokeProviderInSameClassLoader(ForkedBooter.java:203)
at org.apache.maven.surefire.booter.ForkedBooter.runSuitesInProcess(ForkedBooter.java:155)
at org.apache.maven.surefire.booter.ForkedBooter.main(ForkedBooter.java:103)
]]>
            </full-stacktrace>
          </exception> <!-- java.lang.AssertionError -->
          <reporter-output>
          </reporter-output>
        </test-method> <!-- createAnNewAccount2 -->
      </class> <!-- companyName.ProjectName.ModuleName.testCases.CreateAnNewAccount2 -->
      <class name="companyName.ProjectName.ModuleName.testCases.CreateAnNewAccount3">
        <test-method status="PASS" signature="getClassName()[pri:0, instance:companyName.ProjectName.ModuleName.testCases.CreateAnNewAccount3@2acf57e3]" name="getClassName" is-config="true" duration-ms="1" started-at="2021-05-22T17:45:01Z" finished-at="2021-05-22T17:45:01Z">
          <reporter-output>
          </reporter-output>
        </test-method> <!-- getClassName -->
        <test-method status="PASS" signature="createAnNewAccount3(java.util.Hashtable)[pri:0, instance:companyName.ProjectName.ModuleName.testCases.CreateAnNewAccount3@2acf57e3]" name="createAnNewAccount3" duration-ms="17190" started-at="2021-05-22T17:45:01Z" data-provider="data_Collection" finished-at="2021-05-22T17:45:18Z">
          <params>
            <param index="0">
              <value>
                <![CDATA[{User_Name=Selenium Trainer, Application_Name=My Store, Iteration=1.0, Last_Name=pqr, Address=Pune, Password=PWD12, City=Pune, Gender=Male, First_Name=Sachin, Email_Address=test1232131@test.com, State=MH, Value2=ALREADY REGISTERED?, Value1=CREATE AN ACCOUNT}]]>
              </value>
            </param>
          </params>
          <reporter-output>
          </reporter-output>
        </test-method> <!-- createAnNewAccount3 -->
      </class> <!-- companyName.ProjectName.ModuleName.testCases.CreateAnNewAccount3 -->
    </test> <!-- Test -->
  </suite> <!-- Regression Testing -->
</testng-results>
