<?xml version="1.0" encoding="UTF-8"?>
<testng-results skipped="1" failed="0" ignored="1" total="3" passed="1">
  <reporter-output>
  </reporter-output>
  <suite name="Regression Testing" duration-ms="27088" started-at="2021-05-30T09:22:59Z" finished-at="2021-05-30T09:23:26Z">
    <groups>
    </groups>
    <test name="Test" duration-ms="27088" started-at="2021-05-30T09:22:59Z" finished-at="2021-05-30T09:23:26Z">
      <class name="companyName.ProjectName.ModuleName.testCases.CreateAnNewAccount2">
        <test-method status="PASS" signature="initialization()[pri:0, instance:companyName.ProjectName.ModuleName.testCases.CreateAnNewAccount2@3fee9989]" name="initialization" is-config="true" duration-ms="1259" started-at="2021-05-30T09:22:58Z" finished-at="2021-05-30T09:22:59Z">
          <reporter-output>
          </reporter-output>
        </test-method> <!-- initialization -->
        <test-method status="PASS" signature="getClassName()[pri:0, instance:companyName.ProjectName.ModuleName.testCases.CreateAnNewAccount2@3fee9989]" name="getClassName" is-config="true" duration-ms="1" started-at="2021-05-30T09:22:59Z" finished-at="2021-05-30T09:22:59Z">
          <reporter-output>
          </reporter-output>
        </test-method> <!-- getClassName -->
        <test-method status="PASS" signature="createAnNewAccount2(java.util.Hashtable)[pri:0, instance:companyName.ProjectName.ModuleName.testCases.CreateAnNewAccount2@3fee9989]" name="createAnNewAccount2" duration-ms="20634" started-at="2021-05-30T09:22:59Z" data-provider="data_Collection" finished-at="2021-05-30T09:23:19Z">
          <params>
            <param index="0">
              <value>
                <![CDATA[{User_Name=Selenium Trainer, Application_Name=My Store, Iteration=1.0, Last_Name=xyz, Address=Pune, Password=PWD12, City=Pune, Gender=Male, First_Name=Sangita, Email_Address=test1232131@test.com, State=MH, Value2=ALREADY REGISTERED?, Value1=CREATE AN ACCOUNT}]]>
              </value>
            </param>
          </params>
          <reporter-output>
          </reporter-output>
        </test-method> <!-- createAnNewAccount2 -->
      </class> <!-- companyName.ProjectName.ModuleName.testCases.CreateAnNewAccount2 -->
      <class name="companyName.ProjectName.ModuleName.testCases.CreateAnNewAccount3">
        <test-method status="SKIP" signature="getClassName()[pri:0, instance:companyName.ProjectName.ModuleName.testCases.CreateAnNewAccount3@73ad2d6]" name="getClassName" is-config="true" duration-ms="1" started-at="2021-05-30T09:23:26Z" finished-at="2021-05-30T09:23:26Z">
          <exception class="org.testng.SkipException">
            <message>
              <![CDATA[Skipping Test case as it's Run Mode is set to N]]>
            </message>
            <full-stacktrace>
              <![CDATA[org.testng.SkipException: Skipping Test case as it's Run Mode is set to N
at companyName.ProjectName.ModuleName.testCases.CreateAnNewAccount3.getClassName(CreateAnNewAccount3.java:20)
at sun.reflect.NativeMethodAccessorImpl.invoke0(Native Method)
at sun.reflect.NativeMethodAccessorImpl.invoke(Unknown Source)
at sun.reflect.DelegatingMethodAccessorImpl.invoke(Unknown Source)
at java.lang.reflect.Method.invoke(Unknown Source)
at org.testng.internal.MethodInvocationHelper.invokeMethod(MethodInvocationHelper.java:124)
at org.testng.internal.MethodInvocationHelper.invokeMethodConsideringTimeout(MethodInvocationHelper.java:59)
at org.testng.internal.Invoker.invokeConfigurationMethod(Invoker.java:458)
at org.testng.internal.Invoker.invokeConfigurations(Invoker.java:222)
at org.testng.internal.Invoker.invokeConfigurations(Invoker.java:142)
at org.testng.internal.TestMethodWorker.invokeBeforeClassMethods(TestMethodWorker.java:168)
at org.testng.internal.TestMethodWorker.run(TestMethodWorker.java:105)
at org.testng.TestRunner.privateRun(TestRunner.java:648)
at org.testng.TestRunner.run(TestRunner.java:505)
at org.testng.SuiteRunner.runTest(SuiteRunner.java:455)
at org.testng.SuiteRunner.runSequentially(SuiteRunner.java:450)
at org.testng.SuiteRunner.privateRun(SuiteRunner.java:415)
at org.testng.SuiteRunner.run(SuiteRunner.java:364)
at org.testng.SuiteRunnerWorker.runSuite(SuiteRunnerWorker.java:52)
at org.testng.SuiteRunnerWorker.run(SuiteRunnerWorker.java:84)
at org.testng.TestNG.runSuitesSequentially(TestNG.java:1208)
at org.testng.TestNG.runSuitesLocally(TestNG.java:1137)
at org.testng.TestNG.runSuites(TestNG.java:1049)
at org.testng.TestNG.run(TestNG.java:1017)
at org.testng.remote.AbstractRemoteTestNG.run(AbstractRemoteTestNG.java:115)
at org.testng.remote.RemoteTestNG.initAndRun(RemoteTestNG.java:251)
at org.testng.remote.RemoteTestNG.main(RemoteTestNG.java:77)
]]>
            </full-stacktrace>
          </exception> <!-- org.testng.SkipException -->
          <reporter-output>
          </reporter-output>
        </test-method> <!-- getClassName -->
        <test-method status="SKIP" signature="createAnNewAccount3(java.util.Hashtable)[pri:0, instance:companyName.ProjectName.ModuleName.testCases.CreateAnNewAccount3@73ad2d6]" name="createAnNewAccount3" duration-ms="0" started-at="2021-05-30T09:23:26Z" data-provider="data_Collection" finished-at="2021-05-30T09:23:26Z">
          <exception class="org.testng.SkipException">
            <message>
              <![CDATA[Skipping Test case as it's Run Mode is set to N]]>
            </message>
            <full-stacktrace>
              <![CDATA[org.testng.SkipException: Skipping Test case as it's Run Mode is set to N
at companyName.ProjectName.ModuleName.testCases.CreateAnNewAccount3.getClassName(CreateAnNewAccount3.java:20)
at sun.reflect.NativeMethodAccessorImpl.invoke0(Native Method)
at sun.reflect.NativeMethodAccessorImpl.invoke(Unknown Source)
at sun.reflect.DelegatingMethodAccessorImpl.invoke(Unknown Source)
at java.lang.reflect.Method.invoke(Unknown Source)
at org.testng.internal.MethodInvocationHelper.invokeMethod(MethodInvocationHelper.java:124)
at org.testng.internal.MethodInvocationHelper.invokeMethodConsideringTimeout(MethodInvocationHelper.java:59)
at org.testng.internal.Invoker.invokeConfigurationMethod(Invoker.java:458)
at org.testng.internal.Invoker.invokeConfigurations(Invoker.java:222)
at org.testng.internal.Invoker.invokeConfigurations(Invoker.java:142)
at org.testng.internal.TestMethodWorker.invokeBeforeClassMethods(TestMethodWorker.java:168)
at org.testng.internal.TestMethodWorker.run(TestMethodWorker.java:105)
at org.testng.TestRunner.privateRun(TestRunner.java:648)
at org.testng.TestRunner.run(TestRunner.java:505)
at org.testng.SuiteRunner.runTest(SuiteRunner.java:455)
at org.testng.SuiteRunner.runSequentially(SuiteRunner.java:450)
at org.testng.SuiteRunner.privateRun(SuiteRunner.java:415)
at org.testng.SuiteRunner.run(SuiteRunner.java:364)
at org.testng.SuiteRunnerWorker.runSuite(SuiteRunnerWorker.java:52)
at org.testng.SuiteRunnerWorker.run(SuiteRunnerWorker.java:84)
at org.testng.TestNG.runSuitesSequentially(TestNG.java:1208)
at org.testng.TestNG.runSuitesLocally(TestNG.java:1137)
at org.testng.TestNG.runSuites(TestNG.java:1049)
at org.testng.TestNG.run(TestNG.java:1017)
at org.testng.remote.AbstractRemoteTestNG.run(AbstractRemoteTestNG.java:115)
at org.testng.remote.RemoteTestNG.initAndRun(RemoteTestNG.java:251)
at org.testng.remote.RemoteTestNG.main(RemoteTestNG.java:77)
]]>
            </full-stacktrace>
          </exception> <!-- org.testng.SkipException -->
          <reporter-output>
          </reporter-output>
        </test-method> <!-- createAnNewAccount3 -->
      </class> <!-- companyName.ProjectName.ModuleName.testCases.CreateAnNewAccount3 -->
    </test> <!-- Test -->
  </suite> <!-- Regression Testing -->
</testng-results>
