<?xml version="1.0" encoding="UTF-8"?>
<testng-results skipped="0" failed="1" ignored="2" total="5" passed="2">
  <reporter-output>
  </reporter-output>
  <suite name="Regression Testing" duration-ms="63736" started-at="2021-05-21T13:09:26Z" finished-at="2021-05-21T13:10:30Z">
    <groups>
    </groups>
    <test name="Test" duration-ms="63736" started-at="2021-05-21T13:09:26Z" finished-at="2021-05-21T13:10:30Z">
      <class name="companyName.ProjectName.ModuleName.testCases.CreateAnNewAccount1">
        <test-method status="PASS" signature="initialization()[pri:0, instance:companyName.ProjectName.ModuleName.testCases.CreateAnNewAccount1@2f686d1f]" name="initialization" is-config="true" duration-ms="499" started-at="2021-05-21T13:09:26Z" finished-at="2021-05-21T13:09:26Z">
          <reporter-output>
          </reporter-output>
        </test-method> <!-- initialization -->
        <test-method status="PASS" signature="getClassName()[pri:0, instance:companyName.ProjectName.ModuleName.testCases.CreateAnNewAccount1@2f686d1f]" name="getClassName" is-config="true" duration-ms="1" started-at="2021-05-21T13:09:26Z" finished-at="2021-05-21T13:09:26Z">
          <reporter-output>
          </reporter-output>
        </test-method> <!-- getClassName -->
        <test-method status="PASS" signature="createAnNewAccount1(java.util.Hashtable)[pri:0, instance:companyName.ProjectName.ModuleName.testCases.CreateAnNewAccount1@2f686d1f]" name="createAnNewAccount1" duration-ms="16234" started-at="2021-05-21T13:09:26Z" data-provider="data_Collection" finished-at="2021-05-21T13:09:43Z">
          <params>
            <param index="0">
              <value>
                <![CDATA[{User_Name=Selenium Trainer, Application_Name=My Store, Iteration=1.0, Last_Name=Trainer, Address=Pune, Password=PWD12, City=Pune, Gender=Male, First_Name=Selenium, Email_Address=test1232131@test.com, State=MH, Value2=ALREADY REGISTERED?, Value1=CREATE AN ACCOUNT}]]>
              </value>
            </param>
          </params>
          <reporter-output>
          </reporter-output>
        </test-method> <!-- createAnNewAccount1 -->
      </class> <!-- companyName.ProjectName.ModuleName.testCases.CreateAnNewAccount1 -->
      <class name="companyName.ProjectName.ModuleName.testCases.CreateAnNewAccount2">
        <test-method status="PASS" signature="getClassName()[pri:0, instance:companyName.ProjectName.ModuleName.testCases.CreateAnNewAccount2@3fee9989]" name="getClassName" is-config="true" duration-ms="0" started-at="2021-05-21T13:09:49Z" finished-at="2021-05-21T13:09:49Z">
          <reporter-output>
          </reporter-output>
        </test-method> <!-- getClassName -->
        <test-method status="FAIL" signature="createAnNewAccount2(java.util.Hashtable)[pri:0, instance:companyName.ProjectName.ModuleName.testCases.CreateAnNewAccount2@3fee9989]" name="createAnNewAccount2" duration-ms="14260" started-at="2021-05-21T13:09:49Z" data-provider="data_Collection" finished-at="2021-05-21T13:10:03Z">
          <params>
            <param index="0">
              <value>
                <![CDATA[{User_Name=Selenium Trainer, Application_Name=My Store, Iteration=1.0, Last_Name=xyz, Address=Pune, Password=PWD12, City=Pune, Gender=Male, First_Name=Sangita, Email_Address=test1232131@test.com, State=MH, Value2=ALREADY REGISTERED?, Value1=CREATE AN ACCOUNT}]]>
              </value>
            </param>
          </params>
          <exception class="java.lang.AssertionError">
            <message>
              <![CDATA[User not able to enter Sangita in First Name field.]]>
            </message>
            <full-stacktrace>
              <![CDATA[java.lang.AssertionError: User not able to enter Sangita in First Name field.
at org.testng.Assert.fail(Assert.java:96)
at companyName.ProjectName.ModuleName.utilities.CommonMethods.enterValueIntoTextBox(CommonMethods.java:29)
at companyName.ProjectName.ModuleName.testCases.CreateAnNewAccount2.createAnNewAccount2(CreateAnNewAccount2.java:36)
at sun.reflect.NativeMethodAccessorImpl.invoke0(Native Method)
at sun.reflect.NativeMethodAccessorImpl.invoke(Unknown Source)
at sun.reflect.DelegatingMethodAccessorImpl.invoke(Unknown Source)
at java.lang.reflect.Method.invoke(Unknown Source)
at org.testng.internal.MethodInvocationHelper.invokeMethod(MethodInvocationHelper.java:124)
at org.testng.internal.Invoker.invokeMethod(Invoker.java:583)
at org.testng.internal.Invoker.invokeTestMethod(Invoker.java:719)
at org.testng.internal.Invoker.invokeTestMethods(Invoker.java:989)
at org.testng.internal.TestMethodWorker.invokeTestMethods(TestMethodWorker.java:125)
at org.testng.internal.TestMethodWorker.run(TestMethodWorker.java:109)
at org.testng.TestRunner.privateRun(TestRunner.java:648)
at org.testng.TestRunner.run(TestRunner.java:505)
at org.testng.SuiteRunner.runTest(SuiteRunner.java:455)
at org.testng.SuiteRunner.runSequentially(SuiteRunner.java:450)
at org.testng.SuiteRunner.privateRun(SuiteRunner.java:415)
at org.testng.SuiteRunner.run(SuiteRunner.java:364)
at org.testng.SuiteRunnerWorker.runSuite(SuiteRunnerWorker.java:52)
at org.testng.SuiteRunnerWorker.run(SuiteRunnerWorker.java:84)
at org.testng.TestNG.runSuitesSequentially(TestNG.java:1208)
at org.testng.TestNG.runSuitesLocally(TestNG.java:1137)
at org.testng.TestNG.runSuites(TestNG.java:1049)
at org.testng.TestNG.run(TestNG.java:1017)
at org.testng.remote.AbstractRemoteTestNG.run(AbstractRemoteTestNG.java:115)
at org.testng.remote.RemoteTestNG.initAndRun(RemoteTestNG.java:251)
at org.testng.remote.RemoteTestNG.main(RemoteTestNG.java:77)
]]>
            </full-stacktrace>
          </exception> <!-- java.lang.AssertionError -->
          <reporter-output>
          </reporter-output>
        </test-method> <!-- createAnNewAccount2 -->
      </class> <!-- companyName.ProjectName.ModuleName.testCases.CreateAnNewAccount2 -->
      <class name="companyName.ProjectName.ModuleName.testCases.CreateAnNewAccount3">
        <test-method status="PASS" signature="getClassName()[pri:0, instance:companyName.ProjectName.ModuleName.testCases.CreateAnNewAccount3@73ad2d6]" name="getClassName" is-config="true" duration-ms="1" started-at="2021-05-21T13:10:09Z" finished-at="2021-05-21T13:10:09Z">
          <reporter-output>
          </reporter-output>
        </test-method> <!-- getClassName -->
        <test-method status="PASS" signature="createAnNewAccount3(java.util.Hashtable)[pri:0, instance:companyName.ProjectName.ModuleName.testCases.CreateAnNewAccount3@73ad2d6]" name="createAnNewAccount3" duration-ms="15837" started-at="2021-05-21T13:10:09Z" data-provider="data_Collection" finished-at="2021-05-21T13:10:24Z">
          <params>
            <param index="0">
              <value>
                <![CDATA[{User_Name=Selenium Trainer, Application_Name=My Store, Iteration=1.0, Last_Name=pqr, Address=Pune, Password=PWD12, City=Pune, Gender=Male, First_Name=Sachin, Email_Address=test1232131@test.com, State=MH, Value2=ALREADY REGISTERED?, Value1=CREATE AN ACCOUNT}]]>
              </value>
            </param>
          </params>
          <reporter-output>
          </reporter-output>
        </test-method> <!-- createAnNewAccount3 -->
      </class> <!-- companyName.ProjectName.ModuleName.testCases.CreateAnNewAccount3 -->
    </test> <!-- Test -->
  </suite> <!-- Regression Testing -->
</testng-results>
