<?xml version="1.0" encoding="UTF-8"?>
<!-- Generated by org.testng.reporters.JUnitXMLReporter -->
<testsuite hostname="LIN51007546" name="Regression" tests="3" failures="1" timestamp="16 May 2021 04:09:54 GMT" time="85.005" errors="0">
  <testcase name="createAnNewAccount1" time="22.283" classname="companyName.ProjectName.ModuleName.testCases.CreateAnNewAccount1"/>
  <testcase name="createAnNewAccount2" time="15.76" classname="companyName.ProjectName.ModuleName.testCases.CreateAnNewAccount2">
    <failure type="java.lang.AssertionError" message="User not able to enter Sangita in First Name field.">
      <![CDATA[java.lang.AssertionError: User not able to enter Sangita in First Name field.
	at companyName.ProjectName.ModuleName.utilities.CommonMethods.enterValueIntoTextBox(CommonMethods.java:29)
	at companyName.ProjectName.ModuleName.testCases.CreateAnNewAccount2.createAnNewAccount2(CreateAnNewAccount2.java:36)
... Removed 28 stack frames]]>
    </failure>
  </testcase> <!-- createAnNewAccount2 -->
  <testcase name="createAnNewAccount3" time="20.82" classname="companyName.ProjectName.ModuleName.testCases.CreateAnNewAccount3"/>
</testsuite> <!-- Regression -->
